<?xml version="1.0" encoding="UTF-8"?>
<!-- Generated by org.testng.reporters.JUnitReportReporter -->
<testsuite hostname="INLWR7PB1D" failures="0" tests="2" name="RahulshettyUdemy.tests.Cancelbets" time="48.991" errors="0" timestamp="2024-07-18T15:38:13 IST" skipped="0">
  <testcase classname="RahulshettyUdemy.tests.Cancelbets" name="Cancelbets" time="22.809"/>
  <testcase classname="RahulshettyUdemy.tests.Cancelbets" name="Cancelbets" time="26.182"/>
</testsuite> <!-- RahulshettyUdemy.tests.Cancelbets -->
