<?xml version="1.0" encoding="UTF-8"?>
<!-- Generated by org.testng.reporters.JUnitReportReporter -->
<testsuite hostname="INLWR7PB1D" failures="0" tests="2" name="RahulshettyUdemy.tests.Cancelbets" time="46.193" errors="0" timestamp="2024-07-04T15:56:31 IST" skipped="0">
  <testcase classname="RahulshettyUdemy.tests.Cancelbets" name="Cancelbets" time="21.748"/>
  <testcase classname="RahulshettyUdemy.tests.Cancelbets" name="Cancelbets" time="24.445"/>
</testsuite> <!-- RahulshettyUdemy.tests.Cancelbets -->
